<?xml version="1.0" encoding="UTF-8"?>
<!-- Generated by org.testng.reporters.JUnitXMLReporter -->
<testsuite ignored="0" hostname="LAPTOP-Q4LION55" failures="1" tests="1" name="Default test" time="25.322" errors="0" timestamp="2024-01-14T12:09:12 IST">
  <testcase classname="io.cucumber.testng.AbstractTestNGCucumberTests" name="runScenario" time="24.293">
    <failure type="java.lang.AssertionError" message="expected [Beetroot] but found [No data]">
      <![CDATA[java.lang.AssertionError: expected [Beetroot] but found [No data]
at org.testng.Assert.fail(Assert.java:99)
at org.testng.Assert.failNotEquals(Assert.java:1037)
at org.testng.Assert.assertEqualsImpl(Assert.java:140)
at org.testng.Assert.assertEquals(Assert.java:122)
at org.testng.Assert.assertEquals(Assert.java:629)
at org.testng.Assert.assertEquals(Assert.java:639)
at stepdifinitions.OfferPageStepdefinition.user_search_for_same_short_name_in_offers_page_to_check_if_product_exists(OfferPageStepdefinition.java:32)
at ✽.user search for short name Beet in offers page to check if product exists(file:///D:/My%20Workspace/cucumberFramework/src/test/java/features/searchProduct.feature:9)
]]>
    </failure>
  </testcase> <!-- runScenario -->
</testsuite> <!-- Default test -->
