-------------------------------------------------------------------------------
Test set: runner.RunnerTest
-------------------------------------------------------------------------------
Tests run: 3, Failures: 1, Errors: 0, Skipped: 0, Time elapsed: 62.47 s <<< FAILURE! - in runner.RunnerTest
Validate top deals.Search for product in both home and offer page #2  Time elapsed: 18.564 s  <<< FAILURE!
org.junit.ComparisonFailure: expected:<[No data]> but was:<[Beetroot]>

