<?xml version="1.0" encoding="UTF-8"?>
<testsuite xmlns:xsi="http://www.w3.org/2001/XMLSchema-instance" xsi:noNamespaceSchemaLocation="https://maven.apache.org/surefire/maven-surefire-plugin/xsd/surefire-test-report-3.0.xsd" version="3.0" name="runner.RunnerTest" time="62.47" tests="3" errors="0" skipped="0" failures="1">
  <properties>
[...]
</properties>
  <testcase name="Search for product and place order" classname="Verify product checkout" time="24.644">
    <system-out><![CDATA[
@Checkout
Scenario Outline: Search for product and place order                         # src/test/java/features/checkout.feature:16
  Given user is on GreenCart landing page                                    # stepdifinitions.LandingPageStepdefinition.user_is_on_green_cart_landing_page()
*** Actual product Name ***  Tomato
  When user search for short name Tom and extract actual name of the product # stepdifinitions.LandingPageStepdefinition.user_search_for_short_name_and_extract_actual_name_of_the_product(java.lang.String)
  And user adds "3" items to the cart                                        # stepdifinitions.LandingPageStepdefinition.user_adds_items_to_the_cart(java.lang.String)
  When user proceeds to checkout                                             # stepdifinitions.LandingPageStepdefinition.user_proceeds_to_checkout()
  Then validates Tom item in the checkoutpage                                # stepdifinitions.CheckoutPageStepdefinition.validates_beet_item_in_the_checkoutpage(java.lang.String)
  And user verifies that he has ability to apply promocode and place order   # stepdifinitions.CheckoutPageStepdefinition.user_verifies_that_he_has_ability_to_apply_promocode_and_place_order()
]]></system-out>
  </testcase>
  <testcase name="Search for product in both home and offer page #1" classname="Validate top deals" time="18.774">
    <system-out><![CDATA[
@Search
Scenario Outline: Search for product in both home and offer page                # src/test/java/features/searchProduct.feature:13
  Given user is on GreenCart landing page                                       # stepdifinitions.LandingPageStepdefinition.user_is_on_green_cart_landing_page()
*** Actual product Name ***  Tomato
  When user search for short name Tom and extract actual name of the product    # stepdifinitions.LandingPageStepdefinition.user_search_for_short_name_and_extract_actual_name_of_the_product(java.lang.String)
** Product name in Offer Page ***  Tomato
***********************
  Then user search for short name Tom in offers page to check if product exists # stepdifinitions.OfferPageStepdefinition.user_search_for_same_short_name_in_offers_page_to_check_if_product_exists(java.lang.String)
]]></system-out>
  </testcase>
  <testcase name="Search for product in both home and offer page #2" classname="Validate top deals" time="18.564">
    <failure type="org.junit.ComparisonFailure"><![CDATA[org.junit.ComparisonFailure: expected:<[No data]> but was:<[Beetroot]>
]]></failure>
    <system-out><![CDATA[
@Search
Scenario Outline: Search for product in both home and offer page                 # src/test/java/features/searchProduct.feature:14
  Given user is on GreenCart landing page                                        # stepdifinitions.LandingPageStepdefinition.user_is_on_green_cart_landing_page()
*** Actual product Name ***  Beetroot
  When user search for short name Beet and extract actual name of the product    # stepdifinitions.LandingPageStepdefinition.user_search_for_short_name_and_extract_actual_name_of_the_product(java.lang.String)
** Product name in Offer Page ***  No data
  Then user search for short name Beet in offers page to check if product exists # stepdifinitions.OfferPageStepdefinition.user_search_for_same_short_name_in_offers_page_to_check_if_product_exists(java.lang.String)
      org.junit.ComparisonFailure: expected:<[No data]> but was:<[Beetroot]>
	at org.junit.Assert.assertEquals(Assert.java:117)
	at org.junit.Assert.assertEquals(Assert.java:146)
	at stepdifinitions.OfferPageStepdefinition.user_search_for_same_short_name_in_offers_page_to_check_if_product_exists(OfferPageStepdefinition.java:34)
	at âœ½.user search for short name Beet in offers page to check if product exists(file:///D:/My%20Workspace/cucumberJunitFramework/src/test/java/features/searchProduct.feature:9)


    Embedding image [image/png 38566 bytes]

]]></system-out>
  </testcase>
</testsuite>