<?xml version="1.0" encoding="UTF-8"?>
<!-- Generated by org.testng.reporters.JUnitReportReporter -->
<testsuite hostname="LAPTOP-Q4LION55" failures="1" tests="3" name="cucumberOptions.TestNGRunner" time="69.195" errors="0" timestamp="2024-01-14T12:08:05 IST" skipped="0">
  <testcase classname="cucumberOptions.TestNGRunner" name="runScenario" time="22.474">
    <failure message="expected [Beetroot] but found [No data]" type="java.lang.AssertionError">
      <![CDATA[java.lang.AssertionError: expected [Beetroot] but found [No data]
at org.testng.Assert.fail(Assert.java:99)
at org.testng.Assert.failNotEquals(Assert.java:1037)
at org.testng.Assert.assertEqualsImpl(Assert.java:140)
at org.testng.Assert.assertEquals(Assert.java:122)
at org.testng.Assert.assertEquals(Assert.java:629)
at org.testng.Assert.assertEquals(Assert.java:639)
at stepdifinitions.OfferPageStepdefinition.user_search_for_same_short_name_in_offers_page_to_check_if_product_exists(OfferPageStepdefinition.java:32)
at ✽.user search for short name Beet in offers page to check if product exists(file:///D:/My%20Workspace/cucumberFramework/src/test/java/features/searchProduct.feature:9)
]]>
    </failure>
  </testcase> <!-- runScenario -->
  <system-out/>
  <testcase classname="cucumberOptions.TestNGRunner" name="runScenario" time="21.572"/>
  <system-out/>
  <testcase classname="cucumberOptions.TestNGRunner" name="runScenario" time="25.149"/>
  <system-out/>
</testsuite> <!-- cucumberOptions.TestNGRunner -->
